{
  "stats": {
    "suites": 1,
    "tests": 1,
    "passes": 0,
    "pending": 0,
    "failures": 1,
    "start": "2026-07-14T12:00:27.601Z",
    "end": "2026-07-14T12:00:27.953Z",
    "duration": 352,
    "testsRegistered": 3,
    "passPercent": 0,
    "pendingPercent": 0,
    "other": 0,
    "hasOther": false,
    "skipped": 2,
    "hasSkipped": true
  },
  "results": [
    {
      "uuid": "0e484058-34d0-4c88-882e-2c5a94b2e16f",
      "title": "",
      "fullFile": "cypress\\e2e\\footer.cy.ts",
      "file": "cypress\\e2e\\footer.cy.ts",
      "beforeHooks": [],
      "afterHooks": [],
      "tests": [],
      "suites": [
        {
          "uuid": "035fe2d4-e164-4763-a1dc-a00ddd7af961",
          "title": "Footer links API validation",
          "fullFile": "",
          "file": "",
          "beforeHooks": [],
          "afterHooks": [],
          "tests": [
            {
              "title": "TC-08: COMPANY footer links return status 200",
              "fullTitle": "Footer links API validation TC-08: COMPANY footer links return status 200",
              "timedOut": null,
              "duration": 291,
              "state": "failed",
              "speed": null,
              "pass": false,
              "fail": true,
              "pending": false,
              "context": null,
              "code": "footerPage.getFooterLinkHrefs(columns.company).each(function (href) {\n    cy.request(href).its('status').should('eq', 200);\n});",
              "err": {
                "message": "CypressError: `cy.visit()` failed trying to load:\n\n/\n\nWe failed looking for this file at the path:\n\n/Projects/LuxeQuality/LuxeQuality/task.3.cypress/\n\nThe internal Cypress web server responded with:\n\n  > 404: Not Found\n\nBecause this error occurred during a `before each` hook we are skipping the remaining tests in the current suite: `Footer links API validation`",
                "estack": "CypressError: `cy.visit()` failed trying to load:\n\n/\n\nWe failed looking for this file at the path:\n\n/Projects/LuxeQuality/LuxeQuality/task.3.cypress/\n\nThe internal Cypress web server responded with:\n\n  > 404: Not Found\n\nBecause this error occurred during a `before each` hook we are skipping the remaining tests in the current suite: `Footer links API validation`\n    at <unknown> (http://localhost:54213/__cypress/runner/cypress_runner.js:136164:76)\n    at visitFailedByErr (http://localhost:54213/__cypress/runner/cypress_runner.js:135754:12)\n    at <unknown> (http://localhost:54213/__cypress/runner/cypress_runner.js:136147:13)\n    at tryCatcher (http://localhost:54213/__cypress/runner/cypress_runner.js:1777:23)\n    at Promise._settlePromiseFromHandler (http://localhost:54213/__cypress/runner/cypress_runner.js:1489:31)\n    at Promise._settlePromise (http://localhost:54213/__cypress/runner/cypress_runner.js:1546:18)\n    at Promise._settlePromise0 (http://localhost:54213/__cypress/runner/cypress_runner.js:1591:10)\n    at Promise._settlePromises (http://localhost:54213/__cypress/runner/cypress_runner.js:1667:18)\n    at _drainQueueStep (http://localhost:54213/__cypress/runner/cypress_runner.js:2377:12)\n    at _drainQueue (http://localhost:54213/__cypress/runner/cypress_runner.js:2370:9)\n    at Async._drainQueues (http://localhost:54213/__cypress/runner/cypress_runner.js:2386:5)\n    at Async.drainQueues (http://localhost:54213/__cypress/runner/cypress_runner.js:2256:14)\nFrom Your Spec Code:\n    at __webpack_modules__../cypress/pages/base.page.ts.BasePage.navigateTo (webpack://task.3.cypress/./cypress/pages/base.page.ts:3:11)\n    at Context.eval (webpack://task.3.cypress/./cypress/e2e/footer.cy.ts:15:19)",
                "diff": null
              },
              "uuid": "9b6cba5a-8059-4a8f-97f5-788798f60ca2",
              "parentUUID": "035fe2d4-e164-4763-a1dc-a00ddd7af961",
              "isHook": false,
              "skipped": false
            },
            {
              "title": "TC-09: LEGAL footer links return status 200",
              "fullTitle": "Footer links API validation TC-09: LEGAL footer links return status 200",
              "timedOut": null,
              "duration": 0,
              "state": "skipped",
              "speed": null,
              "pass": false,
              "fail": false,
              "pending": false,
              "context": null,
              "code": "footerPage.getFooterLinkHrefs(columns.legal).each(function (href) {\n    cy.request(href).its('status').should('eq', 200);\n});",
              "err": {},
              "uuid": "d8f1f39d-ba58-4a26-a539-86aeb2350a44",
              "parentUUID": "035fe2d4-e164-4763-a1dc-a00ddd7af961",
              "isHook": false,
              "skipped": true
            },
            {
              "title": "TC-10: COMPARE footer links return status 200",
              "fullTitle": "Footer links API validation TC-10: COMPARE footer links return status 200",
              "timedOut": null,
              "duration": 0,
              "state": "skipped",
              "speed": null,
              "pass": false,
              "fail": false,
              "pending": false,
              "context": null,
              "code": "footerPage.getFooterLinkHrefs(columns.compare).each(function (href) {\n    cy.request(href).its('status').should('eq', 200);\n});",
              "err": {},
              "uuid": "32b9fef4-c174-490e-864b-734a49dcfc25",
              "parentUUID": "035fe2d4-e164-4763-a1dc-a00ddd7af961",
              "isHook": false,
              "skipped": true
            }
          ],
          "suites": [],
          "passes": [],
          "failures": [
            "9b6cba5a-8059-4a8f-97f5-788798f60ca2"
          ],
          "pending": [],
          "skipped": [
            "d8f1f39d-ba58-4a26-a539-86aeb2350a44",
            "32b9fef4-c174-490e-864b-734a49dcfc25"
          ],
          "duration": 291,
          "root": false,
          "rootEmpty": false,
          "_timeout": 2000
        }
      ],
      "passes": [],
      "failures": [],
      "pending": [],
      "skipped": [],
      "duration": 0,
      "root": true,
      "rootEmpty": true,
      "_timeout": 2000
    }
  ],
  "meta": {
    "mocha": {
      "version": "7.2.0"
    },
    "mochawesome": {
      "options": {
        "quiet": false,
        "reportFilename": "mochawesome",
        "saveHtml": false,
        "saveJson": true,
        "consoleReporter": "spec",
        "useInlineDiffs": false,
        "code": true
      },
      "version": "7.1.4"
    },
    "marge": {
      "options": {
        "reportDir": "cypress/reports",
        "overwrite": false,
        "html": false,
        "json": true
      },
      "version": "6.3.2"
    }
  }
}