{
  "stats": {
    "suites": 1,
    "tests": 1,
    "passes": 0,
    "pending": 0,
    "failures": 1,
    "start": "2026-07-14T12:00:31.031Z",
    "end": "2026-07-14T12:00:31.175Z",
    "duration": 144,
    "testsRegistered": 1,
    "passPercent": 0,
    "pendingPercent": 0,
    "other": 0,
    "hasOther": false,
    "skipped": 0,
    "hasSkipped": false
  },
  "results": [
    {
      "uuid": "6a33bf9e-3a9f-408f-928f-dc975691d617",
      "title": "",
      "fullFile": "cypress\\e2e\\pricing.cy.ts",
      "file": "cypress\\e2e\\pricing.cy.ts",
      "beforeHooks": [],
      "afterHooks": [],
      "tests": [],
      "suites": [
        {
          "uuid": "9d786180-e344-47d8-b5d6-1e47210101b5",
          "title": "Pricing",
          "fullFile": "",
          "file": "",
          "beforeHooks": [],
          "afterHooks": [],
          "tests": [
            {
              "title": "TC-05: Pricing Page Displays Valid Price Values",
              "fullTitle": "Pricing TC-05: Pricing Page Displays Valid Price Values",
              "timedOut": null,
              "duration": 111,
              "state": "failed",
              "speed": null,
              "pass": false,
              "fail": true,
              "pending": false,
              "context": null,
              "code": "pricingPage.getPriceCells().should('have.length.greaterThan', 0);\npricingPage.getPriceCells().each(function ($cell) {\n    var text = $cell.text().trim();\n    expect(text).to.match(/^\\$?\\d+(\\.\\d{1,2})?$/);\n});",
              "err": {
                "message": "CypressError: `cy.visit()` failed trying to load:\n\n/pricing\n\nWe failed looking for this file at the path:\n\n/Projects/LuxeQuality/LuxeQuality/task.3.cypress/pricing\n\nThe internal Cypress web server responded with:\n\n  > 404: Not Found\n\nBecause this error occurred during a `before each` hook we are skipping the remaining tests in the current suite: `Pricing`",
                "estack": "CypressError: `cy.visit()` failed trying to load:\n\n/pricing\n\nWe failed looking for this file at the path:\n\n/Projects/LuxeQuality/LuxeQuality/task.3.cypress/pricing\n\nThe internal Cypress web server responded with:\n\n  > 404: Not Found\n\nBecause this error occurred during a `before each` hook we are skipping the remaining tests in the current suite: `Pricing`\n    at <unknown> (http://localhost:54213/__cypress/runner/cypress_runner.js:136164:76)\n    at visitFailedByErr (http://localhost:54213/__cypress/runner/cypress_runner.js:135754:12)\n    at <unknown> (http://localhost:54213/__cypress/runner/cypress_runner.js:136147:13)\n    at tryCatcher (http://localhost:54213/__cypress/runner/cypress_runner.js:1777:23)\n    at Promise._settlePromiseFromHandler (http://localhost:54213/__cypress/runner/cypress_runner.js:1489:31)\n    at Promise._settlePromise (http://localhost:54213/__cypress/runner/cypress_runner.js:1546:18)\n    at Promise._settlePromise0 (http://localhost:54213/__cypress/runner/cypress_runner.js:1591:10)\n    at Promise._settlePromises (http://localhost:54213/__cypress/runner/cypress_runner.js:1667:18)\n    at _drainQueueStep (http://localhost:54213/__cypress/runner/cypress_runner.js:2377:12)\n    at _drainQueue (http://localhost:54213/__cypress/runner/cypress_runner.js:2370:9)\n    at Async._drainQueues (http://localhost:54213/__cypress/runner/cypress_runner.js:2386:5)\n    at Async.drainQueues (http://localhost:54213/__cypress/runner/cypress_runner.js:2256:14)\nFrom Your Spec Code:\n    at __webpack_modules__../cypress/pages/base.page.ts.BasePage.navigateTo (webpack://task.3.cypress/./cypress/pages/base.page.ts:3:11)\n    at __webpack_modules__../cypress/pages/pricing.page.ts.PricingPage.navigateToPricing (webpack://task.3.cypress/./cypress/pages/pricing.page.ts:5:13)\n    at Context.eval (webpack://task.3.cypress/./cypress/e2e/pricing.cy.ts:7:20)",
                "diff": null
              },
              "uuid": "6b0642cd-7c0b-48ab-adc4-35d9c5909de2",
              "parentUUID": "9d786180-e344-47d8-b5d6-1e47210101b5",
              "isHook": false,
              "skipped": false
            }
          ],
          "suites": [],
          "passes": [],
          "failures": [
            "6b0642cd-7c0b-48ab-adc4-35d9c5909de2"
          ],
          "pending": [],
          "skipped": [],
          "duration": 111,
          "root": false,
          "rootEmpty": false,
          "_timeout": 2000
        }
      ],
      "passes": [],
      "failures": [],
      "pending": [],
      "skipped": [],
      "duration": 0,
      "root": true,
      "rootEmpty": true,
      "_timeout": 2000
    }
  ],
  "meta": {
    "mocha": {
      "version": "7.2.0"
    },
    "mochawesome": {
      "options": {
        "quiet": false,
        "reportFilename": "mochawesome",
        "saveHtml": false,
        "saveJson": true,
        "consoleReporter": "spec",
        "useInlineDiffs": false,
        "code": true
      },
      "version": "7.1.4"
    },
    "marge": {
      "options": {
        "reportDir": "cypress/reports",
        "overwrite": false,
        "html": false,
        "json": true
      },
      "version": "6.3.2"
    }
  }
}