{
  "stats": {
    "suites": 1,
    "tests": 1,
    "passes": 0,
    "pending": 0,
    "failures": 1,
    "start": "2026-07-14T12:50:22.292Z",
    "end": "2026-07-14T12:50:27.116Z",
    "duration": 4824,
    "testsRegistered": 1,
    "passPercent": 0,
    "pendingPercent": 0,
    "other": 0,
    "hasOther": false,
    "skipped": 0,
    "hasSkipped": false
  },
  "results": [
    {
      "uuid": "8760a9f8-def8-43a9-85b6-ad9f31368f09",
      "title": "",
      "fullFile": "cypress\\e2e\\pricing.cy.ts",
      "file": "cypress\\e2e\\pricing.cy.ts",
      "beforeHooks": [],
      "afterHooks": [],
      "tests": [],
      "suites": [
        {
          "uuid": "714d03f2-6ac4-4d6b-af26-ab009ef12f5d",
          "title": "Pricing",
          "fullFile": "",
          "file": "",
          "beforeHooks": [],
          "afterHooks": [],
          "tests": [
            {
              "title": "TC-05: Pricing Page Displays Valid Price Values",
              "fullTitle": "Pricing TC-05: Pricing Page Displays Valid Price Values",
              "timedOut": null,
              "duration": 4763,
              "state": "failed",
              "speed": null,
              "pass": false,
              "fail": true,
              "pending": false,
              "context": null,
              "code": "pricingPage.getPriceCells().should('have.length.greaterThan', 0);\npricingPage.getPriceCells().each(($cell) => {\n    const text = $cell.text().trim();\n    expect(text).to.match(/^\\$?\\d+(\\.\\d{1,2})?$/);\n});",
              "err": {
                "message": "AssertionError: Timed out retrying after 4000ms: Expected to find element: `.pricing-table__cell`, but never found it.",
                "estack": "AssertionError: Timed out retrying after 4000ms: Expected to find element: `.pricing-table__cell`, but never found it.\n    at Context.eval (webpack://task.3.cypress/./cypress/e2e/pricing.cy.ts:11:36)",
                "diff": null
              },
              "uuid": "0a502b57-997e-424c-97d5-bb99c3564a00",
              "parentUUID": "714d03f2-6ac4-4d6b-af26-ab009ef12f5d",
              "isHook": false,
              "skipped": false
            }
          ],
          "suites": [],
          "passes": [],
          "failures": [
            "0a502b57-997e-424c-97d5-bb99c3564a00"
          ],
          "pending": [],
          "skipped": [],
          "duration": 4763,
          "root": false,
          "rootEmpty": false,
          "_timeout": 2000
        }
      ],
      "passes": [],
      "failures": [],
      "pending": [],
      "skipped": [],
      "duration": 0,
      "root": true,
      "rootEmpty": true,
      "_timeout": 2000
    }
  ],
  "meta": {
    "mocha": {
      "version": "7.2.0"
    },
    "mochawesome": {
      "options": {
        "quiet": false,
        "reportFilename": "mochawesome",
        "saveHtml": false,
        "saveJson": true,
        "consoleReporter": "spec",
        "useInlineDiffs": false,
        "code": true
      },
      "version": "7.1.4"
    },
    "marge": {
      "options": {
        "reportDir": "cypress/reports",
        "overwrite": false,
        "html": false,
        "json": true
      },
      "version": "6.3.2"
    }
  }
}