{
  "stats": {
    "suites": 1,
    "tests": 1,
    "passes": 0,
    "pending": 0,
    "failures": 1,
    "start": "2026-07-14T12:00:32.971Z",
    "end": "2026-07-14T12:00:33.112Z",
    "duration": 141,
    "testsRegistered": 2,
    "passPercent": 0,
    "pendingPercent": 0,
    "other": 0,
    "hasOther": false,
    "skipped": 1,
    "hasSkipped": true
  },
  "results": [
    {
      "uuid": "89e11d7a-5930-43d0-9186-e11d3cd73c9e",
      "title": "",
      "fullFile": "cypress\\e2e\\ui.cy.ts",
      "file": "cypress\\e2e\\ui.cy.ts",
      "beforeHooks": [],
      "afterHooks": [],
      "tests": [],
      "suites": [
        {
          "uuid": "0a4c5b7c-f8ac-485c-b90f-2589c6463e79",
          "title": "UI",
          "fullFile": "",
          "file": "",
          "beforeHooks": [],
          "afterHooks": [],
          "tests": [
            {
              "title": "TC-06: AI Chat Returns Non-Empty Response",
              "fullTitle": "UI TC-06: AI Chat Returns Non-Empty Response",
              "timedOut": null,
              "duration": 105,
              "state": "failed",
              "speed": null,
              "pass": false,
              "fail": true,
              "pending": false,
              "context": null,
              "code": "cy.fixture('testData').then(function (data) {\n    var message = \"\".concat(data.aiChat.messagePrefix).concat(Math.random());\n    homePage.typeAiChatMessage(message);\n    homePage.submitAiChatMessage();\n    homePage.getAiChatResponse().should('not.be.empty');\n});",
              "err": {
                "message": "CypressError: `cy.visit()` failed trying to load:\n\n/\n\nWe failed looking for this file at the path:\n\n/Projects/LuxeQuality/LuxeQuality/task.3.cypress/\n\nThe internal Cypress web server responded with:\n\n  > 404: Not Found\n\nBecause this error occurred during a `before each` hook we are skipping the remaining tests in the current suite: `UI`",
                "estack": "CypressError: `cy.visit()` failed trying to load:\n\n/\n\nWe failed looking for this file at the path:\n\n/Projects/LuxeQuality/LuxeQuality/task.3.cypress/\n\nThe internal Cypress web server responded with:\n\n  > 404: Not Found\n\nBecause this error occurred during a `before each` hook we are skipping the remaining tests in the current suite: `UI`\n    at <unknown> (http://localhost:54213/__cypress/runner/cypress_runner.js:136164:76)\n    at visitFailedByErr (http://localhost:54213/__cypress/runner/cypress_runner.js:135754:12)\n    at <unknown> (http://localhost:54213/__cypress/runner/cypress_runner.js:136147:13)\n    at tryCatcher (http://localhost:54213/__cypress/runner/cypress_runner.js:1777:23)\n    at Promise._settlePromiseFromHandler (http://localhost:54213/__cypress/runner/cypress_runner.js:1489:31)\n    at Promise._settlePromise (http://localhost:54213/__cypress/runner/cypress_runner.js:1546:18)\n    at Promise._settlePromise0 (http://localhost:54213/__cypress/runner/cypress_runner.js:1591:10)\n    at Promise._settlePromises (http://localhost:54213/__cypress/runner/cypress_runner.js:1667:18)\n    at _drainQueueStep (http://localhost:54213/__cypress/runner/cypress_runner.js:2377:12)\n    at _drainQueue (http://localhost:54213/__cypress/runner/cypress_runner.js:2370:9)\n    at Async._drainQueues (http://localhost:54213/__cypress/runner/cypress_runner.js:2386:5)\n    at Async.drainQueues (http://localhost:54213/__cypress/runner/cypress_runner.js:2256:14)\nFrom Your Spec Code:\n    at __webpack_modules__../cypress/pages/base.page.ts.BasePage.navigateTo (webpack://task.3.cypress/./cypress/pages/base.page.ts:3:11)\n    at __webpack_modules__../cypress/pages/home.page.ts.HomePage.navigateToHome (webpack://task.3.cypress/./cypress/pages/home.page.ts:5:13)\n    at Context.eval (webpack://task.3.cypress/./cypress/e2e/ui.cy.ts:7:17)",
                "diff": null
              },
              "uuid": "307d993c-f4a3-41f6-a4f8-f2b4557bdbca",
              "parentUUID": "0a4c5b7c-f8ac-485c-b90f-2589c6463e79",
              "isHook": false,
              "skipped": false
            },
            {
              "title": "TC-07: Contact Us Submit Button Is Clickable",
              "fullTitle": "UI TC-07: Contact Us Submit Button Is Clickable",
              "timedOut": null,
              "duration": 0,
              "state": "skipped",
              "speed": null,
              "pass": false,
              "fail": false,
              "pending": false,
              "context": null,
              "code": "homePage\n    .isContactUsButtonClickable()\n    .should('be.visible')\n    .and('not.be.disabled');",
              "err": {},
              "uuid": "f55f8fac-66dd-48c1-af76-99279631977b",
              "parentUUID": "0a4c5b7c-f8ac-485c-b90f-2589c6463e79",
              "isHook": false,
              "skipped": true
            }
          ],
          "suites": [],
          "passes": [],
          "failures": [
            "307d993c-f4a3-41f6-a4f8-f2b4557bdbca"
          ],
          "pending": [],
          "skipped": [
            "f55f8fac-66dd-48c1-af76-99279631977b"
          ],
          "duration": 105,
          "root": false,
          "rootEmpty": false,
          "_timeout": 2000
        }
      ],
      "passes": [],
      "failures": [],
      "pending": [],
      "skipped": [],
      "duration": 0,
      "root": true,
      "rootEmpty": true,
      "_timeout": 2000
    }
  ],
  "meta": {
    "mocha": {
      "version": "7.2.0"
    },
    "mochawesome": {
      "options": {
        "quiet": false,
        "reportFilename": "mochawesome",
        "saveHtml": false,
        "saveJson": true,
        "consoleReporter": "spec",
        "useInlineDiffs": false,
        "code": true
      },
      "version": "7.1.4"
    },
    "marge": {
      "options": {
        "reportDir": "cypress/reports",
        "overwrite": false,
        "html": false,
        "json": true
      },
      "version": "6.3.2"
    }
  }
}