{
  "stats": {
    "suites": 1,
    "tests": 2,
    "passes": 2,
    "pending": 0,
    "failures": 0,
    "start": "2026-07-14T12:50:28.618Z",
    "end": "2026-07-14T12:50:36.424Z",
    "duration": 7806,
    "testsRegistered": 2,
    "passPercent": 100,
    "pendingPercent": 0,
    "other": 0,
    "hasOther": false,
    "skipped": 0,
    "hasSkipped": false
  },
  "results": [
    {
      "uuid": "718c8f33-21dc-4d07-8cc4-3cd735939233",
      "title": "",
      "fullFile": "cypress\\e2e\\ui.cy.ts",
      "file": "cypress\\e2e\\ui.cy.ts",
      "beforeHooks": [],
      "afterHooks": [],
      "tests": [],
      "suites": [
        {
          "uuid": "171cd21d-57e7-4f2e-bef9-b7a1650fcd75",
          "title": "UI",
          "fullFile": "",
          "file": "",
          "beforeHooks": [],
          "afterHooks": [],
          "tests": [
            {
              "title": "TC-06: AI Chat Returns Non-Empty Response",
              "fullTitle": "UI TC-06: AI Chat Returns Non-Empty Response",
              "timedOut": null,
              "duration": 6427,
              "state": "passed",
              "speed": "medium",
              "pass": true,
              "fail": false,
              "pending": false,
              "context": null,
              "code": "cy.fixture('testData').then((data) => {\n    const message = `${data.aiChat.messagePrefix}${Math.random()}`;\n    homePage.typeAiChatMessage(message);\n    homePage.submitAiChatMessage();\n    homePage.getAiChatResponse().should('not.be.empty');\n});",
              "err": {},
              "uuid": "a28ceb7e-3cd0-41ef-9d16-2c6ff481cc6d",
              "parentUUID": "171cd21d-57e7-4f2e-bef9-b7a1650fcd75",
              "isHook": false,
              "skipped": false
            },
            {
              "title": "TC-07: Contact Us Submit Button Is Clickable",
              "fullTitle": "UI TC-07: Contact Us Submit Button Is Clickable",
              "timedOut": null,
              "duration": 965,
              "state": "passed",
              "speed": "fast",
              "pass": true,
              "fail": false,
              "pending": false,
              "context": null,
              "code": "homePage\n    .isContactUsButtonClickable()\n    .should('be.visible')\n    .and('not.be.disabled');",
              "err": {},
              "uuid": "0511b266-25ff-47f9-abb5-b70c624a1204",
              "parentUUID": "171cd21d-57e7-4f2e-bef9-b7a1650fcd75",
              "isHook": false,
              "skipped": false
            }
          ],
          "suites": [],
          "passes": [
            "a28ceb7e-3cd0-41ef-9d16-2c6ff481cc6d",
            "0511b266-25ff-47f9-abb5-b70c624a1204"
          ],
          "failures": [],
          "pending": [],
          "skipped": [],
          "duration": 7392,
          "root": false,
          "rootEmpty": false,
          "_timeout": 2000
        }
      ],
      "passes": [],
      "failures": [],
      "pending": [],
      "skipped": [],
      "duration": 0,
      "root": true,
      "rootEmpty": true,
      "_timeout": 2000
    }
  ],
  "meta": {
    "mocha": {
      "version": "7.2.0"
    },
    "mochawesome": {
      "options": {
        "quiet": false,
        "reportFilename": "mochawesome",
        "saveHtml": false,
        "saveJson": true,
        "consoleReporter": "spec",
        "useInlineDiffs": false,
        "code": true
      },
      "version": "7.1.4"
    },
    "marge": {
      "options": {
        "reportDir": "cypress/reports",
        "overwrite": false,
        "html": false,
        "json": true
      },
      "version": "6.3.2"
    }
  }
}